                        .module click_time.c
                        .area text(rom, con, rel)
 0000                   .dbfile click_time.c
 0000                   .dbfile E:\Projects\Microproccesorss\Lab1\imagectaft\task_3\click_time.c
 0000                   .dbfunc e delay _delay fV
 0000           ;             c1 -> R20,R21
 0000           ;             c2 -> R22,R23
 0000           ;              t -> R16,R17
                        .even
 0000           _delay::
 0000 0E940000          xcall push_xgsetF000
 0004                   .dbline -1
 0004                   .dbline 4
 0004           ; #include "iom128v.h"
 0004           ; #include "macros.h"
 0004           ; void delay(int t)
 0004           ; {
 0004                   .dbline 6
 0004           ;       int c1,c2;
 0004           ;       for(c1=0;c1<t;c1++)
 0004 4427              clr R20
 0006 5527              clr R21
 0008 0BC0              xjmp L5
 000A           L2:
 000A                   .dbline 7
 000A           ;     {
 000A                   .dbline 8
 000A           ;       for(c2=0;c2<970;c2++)
 000A 6627              clr R22
 000C 7727              clr R23
 000E           L6:
 000E                   .dbline 9
 000E           ;         {
 000E                   .dbline 10
 000E           ;               NOP();
 000E 0000              nop
 0010                   .dbline 11
 0010           ;         }
 0010           L7:
 0010                   .dbline 8
 0010 6F5F              subi R22,255  ; offset = 1
 0012 7F4F              sbci R23,255
 0014                   .dbline 8
 0014 6A3C              cpi R22,202
 0016 E3E0              ldi R30,3
 0018 7E07              cpc R23,R30
 001A CCF3              brlt L6
 001C           X0:
 001C                   .dbline 12
 001C           ;     }
 001C           L3:
 001C                   .dbline 6
 001C 4F5F              subi R20,255  ; offset = 1
 001E 5F4F              sbci R21,255
 0020           L5:
 0020                   .dbline 6
 0020 4017              cp R20,R16
 0022 5107              cpc R21,R17
 0024 94F3              brlt L2
 0026           X1:
 0026                   .dbline -2
 0026           L1:
 0026                   .dbline 0 ; func end
 0026 0C940000          xjmp pop_xgsetF000
 002A                   .dbsym r c1 20 I
 002A                   .dbsym r c2 22 I
 002A                   .dbsym r t 16 I
 002A                   .dbend
 002A                   .dbfunc e main _main fV
 002A           ;              c -> R20
                        .even
 002A           _main::
 002A                   .dbline -1
 002A                   .dbline 15
 002A           ; }
 002A           ; void main()
 002A           ; {
 002A                   .dbline 17
 002A           ;       char c;
 002A           ;       DDRC=0b11111111;
 002A 8FEF              ldi R24,255
 002C 84BB              out 0x14,R24
 002E 16C0              xjmp L12
 0030           L11:
 0030                   .dbline 19
 0030           ;     while(1)
 0030           ;     {
 0030                   .dbline 20
 0030           ;               for(c=0;c<100;c++)
 0030 4427              clr R20
 0032 07C0              xjmp L17
 0034           L14:
 0034                   .dbline 21
 0034           ;               {
 0034                   .dbline 22
 0034           ;                       PORTC=0b00000001+c;
 0034 842F              mov R24,R20
 0036 8F5F              subi R24,255    ; addi 1
 0038 85BB              out 0x15,R24
 003A                   .dbline 23
 003A           ;                       delay(50);
 003A 02E3              ldi R16,50
 003C 10E0              ldi R17,0
 003E E0DF              xcall _delay
 0040                   .dbline 25
 0040           ; 
 0040           ;               }
 0040           L15:
 0040                   .dbline 20
 0040 4395              inc R20
 0042           L17:
 0042                   .dbline 20
 0042 4436              cpi R20,100
 0044 B8F3              brlo L14
 0046           X2:
 0046                   .dbline 26
 0046           ;               for(c=0;c<100;c++)
 0046 4427              clr R20
 0048 07C0              xjmp L21
 004A           L18:
 004A                   .dbline 27
 004A           ;               {
 004A                   .dbline 28
 004A           ;                       PORTC=0b01100100-c;
 004A 84E6              ldi R24,100
 004C 841B              sub R24,R20
 004E 85BB              out 0x15,R24
 0050                   .dbline 29
 0050           ;                       delay(50);
 0050 02E3              ldi R16,50
 0052 10E0              ldi R17,0
 0054 D5DF              xcall _delay
 0056                   .dbline 31
 0056           ; 
 0056           ;               }
 0056           L19:
 0056                   .dbline 26
 0056 4395              inc R20
 0058           L21:
 0058                   .dbline 26
 0058 4436              cpi R20,100
 005A B8F3              brlo L18
 005C           X3:
 005C                   .dbline 33
 005C           ;       
 005C           ;     }
 005C           L12:
 005C                   .dbline 18
 005C E9CF              xjmp L11
 005E           X4:
 005E                   .dbline -2
 005E           L10:
 005E                   .dbline 0 ; func end
 005E 0895              ret
 0060                   .dbsym r c 20 c
 0060                   .dbend
 0060           ;     
 0060           ;     
 0060           ; }
