                        .module smirnov110220.c
                        .area text(rom, con, rel)
 0000                   .dbfile smirnov110220.c
 0000                   .dbfile E:\Projects\ImageCraft\smirnov110220.c
 0000                   .dbfunc e delay _delay fV
 0000           ;             c1 -> R20,R21
 0000           ;             c2 -> R22,R23
 0000           ;              t -> R16,R17
                        .even
 0000           _delay::
 0000 0E940000          xcall push_xgsetF000
 0004                   .dbline -1
 0004                   .dbline 4
 0004           ; #include "iom128v.h"
 0004           ; #include "macros.h"
 0004           ; void delay(int t)
 0004           ; {
 0004                   .dbline 7
 0004           ;       int c2;
 0004           ;     int c1;
 0004           ;       for(c1=0;c1<t;c1++)
 0004 4427              clr R20
 0006 5527              clr R21
 0008 0BC0              xjmp L5
 000A           L2:
 000A                   .dbline 8
 000A           ;     {
 000A                   .dbline 9
 000A           ;       for(c2=0;c2<970;c2++)
 000A 6627              clr R22
 000C 7727              clr R23
 000E           L6:
 000E                   .dbline 10
 000E           ;         {
 000E                   .dbline 11
 000E           ;               NOP();
 000E 0000              nop
 0010                   .dbline 12
 0010           ;         }
 0010           L7:
 0010                   .dbline 9
 0010 6F5F              subi R22,255  ; offset = 1
 0012 7F4F              sbci R23,255
 0014                   .dbline 9
 0014 6A3C              cpi R22,202
 0016 E3E0              ldi R30,3
 0018 7E07              cpc R23,R30
 001A CCF3              brlt L6
 001C           X0:
 001C                   .dbline 13
 001C           ;     }
 001C           L3:
 001C                   .dbline 7
 001C 4F5F              subi R20,255  ; offset = 1
 001E 5F4F              sbci R21,255
 0020           L5:
 0020                   .dbline 7
 0020 4017              cp R20,R16
 0022 5107              cpc R21,R17
 0024 94F3              brlt L2
 0026           X1:
 0026                   .dbline -2
 0026           L1:
 0026                   .dbline 0 ; func end
 0026 0C940000          xjmp pop_xgsetF000
 002A                   .dbsym r c1 20 I
 002A                   .dbsym r c2 22 I
 002A                   .dbsym r t 16 I
 002A                   .dbend
                        .area data(ram, con, rel)
 0000                   .dbfile E:\Projects\ImageCraft\smirnov110220.c
 0000           L11:
 0000                   .blkb 2
                        .area idata
 0000 7760              .byte 'w,96
                        .area data(ram, con, rel)
 0002                   .dbfile E:\Projects\ImageCraft\smirnov110220.c
 0002                   .blkb 2
                        .area idata
 0002 3E7A              .byte 62,'z
                        .area data(ram, con, rel)
 0004                   .dbfile E:\Projects\ImageCraft\smirnov110220.c
 0004                   .blkb 2
                        .area idata
 0004 695B              .byte 'i,91
                        .area data(ram, con, rel)
 0006                   .dbfile E:\Projects\ImageCraft\smirnov110220.c
 0006                   .blkb 2
                        .area idata
 0006 5F70              .byte 95,'p
                        .area data(ram, con, rel)
 0008                   .dbfile E:\Projects\ImageCraft\smirnov110220.c
 0008                   .blkb 2
                        .area idata
 0008 7F7B              .byte 127,123
                        .area data(ram, con, rel)
 000A                   .dbfile E:\Projects\ImageCraft\smirnov110220.c
 000A           L12:
 000A                   .blkb 2
                        .area idata
 000A 1020              .byte 16,32
                        .area data(ram, con, rel)
 000C                   .dbfile E:\Projects\ImageCraft\smirnov110220.c
 000C                   .blkb 2
                        .area idata
 000C 4002              .byte 64,2
                        .area data(ram, con, rel)
 000E                   .dbfile E:\Projects\ImageCraft\smirnov110220.c
 000E                   .blkb 2
                        .area idata
 000E 0401              .byte 4,1
                        .area data(ram, con, rel)
 0010                   .dbfile E:\Projects\ImageCraft\smirnov110220.c
 0010           L13:
 0010                   .blkb 2
                        .area idata
 0010 0000              .byte 0,0
                        .area data(ram, con, rel)
 0012                   .dbfile E:\Projects\ImageCraft\smirnov110220.c
 0012                   .blkb 2
                        .area idata
 0012 0000              .byte 0,0
                        .area data(ram, con, rel)
 0014                   .dbfile E:\Projects\ImageCraft\smirnov110220.c
 0014                   .blkb 2
                        .area idata
 0014 0000              .byte 0,0
                        .area data(ram, con, rel)
 0016                   .dbfile E:\Projects\ImageCraft\smirnov110220.c
 0016                   .blkb 2
                        .area idata
 0016 007A              .byte 0,'z
                        .area data(ram, con, rel)
 0018                   .dbfile E:\Projects\ImageCraft\smirnov110220.c
 0018                   .blkb 2
                        .area idata
 0018 0000              .byte 0,0
                        .area data(ram, con, rel)
 001A                   .dbfile E:\Projects\ImageCraft\smirnov110220.c
 001A                   .blkb 2
                        .area idata
 001A 7A7A              .byte 'z,'z
                        .area data(ram, con, rel)
 001C                   .dbfile E:\Projects\ImageCraft\smirnov110220.c
 001C                   .blkb 2
                        .area idata
 001C 007A              .byte 0,'z
                        .area data(ram, con, rel)
 001E                   .dbfile E:\Projects\ImageCraft\smirnov110220.c
 001E                   .blkb 2
                        .area idata
 001E 7A3E              .byte 'z,62
                        .area data(ram, con, rel)
 0020                   .dbfile E:\Projects\ImageCraft\smirnov110220.c
 0020                   .blkb 2
                        .area idata
 0020 7A7A              .byte 'z,'z
                        .area data(ram, con, rel)
 0022                   .dbfile E:\Projects\ImageCraft\smirnov110220.c
 0022                   .blkb 2
                        .area idata
 0022 3E60              .byte 62,96
                        .area data(ram, con, rel)
 0024                   .dbfile E:\Projects\ImageCraft\smirnov110220.c
 0024                   .blkb 2
                        .area idata
 0024 7A3E              .byte 'z,62
                        .area data(ram, con, rel)
 0026                   .dbfile E:\Projects\ImageCraft\smirnov110220.c
 0026                   .blkb 2
                        .area idata
 0026 6000              .byte 96,0
                        .area data(ram, con, rel)
 0028                   .dbfile E:\Projects\ImageCraft\smirnov110220.c
 0028                   .blkb 2
                        .area idata
 0028 3E60              .byte 62,96
                        .area data(ram, con, rel)
 002A                   .dbfile E:\Projects\ImageCraft\smirnov110220.c
 002A                   .blkb 2
                        .area idata
 002A 0000              .byte 0,0
                        .area data(ram, con, rel)
 002C                   .dbfile E:\Projects\ImageCraft\smirnov110220.c
 002C                   .blkb 2
                        .area idata
 002C 6000              .byte 96,0
                        .area data(ram, con, rel)
 002E                   .dbfile E:\Projects\ImageCraft\smirnov110220.c
 002E                   .blkb 2
                        .area idata
 002E 0000              .byte 0,0
                        .area data(ram, con, rel)
 0030                   .dbfile E:\Projects\ImageCraft\smirnov110220.c
                        .area text(rom, con, rel)
 002A                   .dbfile E:\Projects\ImageCraft\smirnov110220.c
 002A                   .dbfunc e main _main fV
 002A           ;            cnt -> <dead>
 002A           ;              A -> y+16
 002A           ;        segment -> y+10
 002A           ;            seg -> y+0
 002A           ;              t -> R20
                        .even
 002A           _main::
 002A E097              sbiw R28,48
 002C                   .dbline -1
 002C                   .dbline 16
 002C           ; }
 002C           ; void main()
 002C           ; {
 002C                   .dbline 18
 002C           ;       char t;
 002C           ;     char seg[10]={0b01110111,0b01100000,0b00111110,0b01111010,0b01101001,0b01011011,0b01011111,0b01110000,0b01111111,0b01111011};
 002C 80E0              ldi R24,<L11
 002E 90E0              ldi R25,>L11
 0030 FE01              movw R30,R28
 0032 0AE0              ldi R16,10
 0034 10E0              ldi R17,0
 0036 FA93              st -y,R31
 0038 EA93              st -y,R30
 003A 9A93              st -y,R25
 003C 8A93              st -y,R24
 003E 0E940000          xcall asgnblk
 0042                   .dbline 19
 0042           ;     char segment[6]={0b00010000,0b00100000,0b01000000,0b00000010,0b00000100,0b00000001};
 0042 80E0              ldi R24,<L12
 0044 90E0              ldi R25,>L12
 0046 FE01              movw R30,R28
 0048 3A96              adiw R30,10
 004A 06E0              ldi R16,6
 004C 10E0              ldi R17,0
 004E FA93              st -y,R31
 0050 EA93              st -y,R30
 0052 9A93              st -y,R25
 0054 8A93              st -y,R24
 0056 0E940000          xcall asgnblk
 005A                   .dbline 20
 005A           ;     char A[8][4]={{0,0,0,0},{0,0,0,0b01111010},{0,0,0b01111010,0b01111010},{0,0b01111010,0b01111010,0b00111110},{0b01111010,0b01111010,0b00111110,0b01100000},{0b01111010,0b00111110,0b01100000,0},{0b00111110,0b01100000,0,0},{0b01100000,0,0,0}};
 005A 80E0              ldi R24,<L13
 005C 90E0              ldi R25,>L13
 005E FE01              movw R30,R28
 0060 7096              adiw R30,16
 0062 00E2              ldi R16,32
 0064 10E0              ldi R17,0
 0066 FA93              st -y,R31
 0068 EA93              st -y,R30
 006A 9A93              st -y,R25
 006C 8A93              st -y,R24
 006E 0E940000          xcall asgnblk
 0072                   .dbline 22
 0072           ;     int cnt;
 0072           ;       DDRA=0b11111111;
 0072 8FEF              ldi R24,255
 0074 8ABB              out 0x1a,R24
 0076                   .dbline 23
 0076           ;     DDRC=0b10000111;
 0076 87E8              ldi R24,135
 0078 84BB              out 0x14,R24
 007A                   .dbline 24
 007A           ;     DDRG=0b00000001;
 007A 81E0              ldi R24,1
 007C 80936400          sts 100,R24
 0080 39C0              xjmp L15
 0082           L14:
 0082                   .dbline 26
 0082           ;     while(1)
 0082           ;     {
 0082                   .dbline 78
 0082           ;       /*for(t=0;t<8;t++)
 0082           ;         {
 0082           ;               PORTC=6;
 0082           ;             PORTA=~A[t][0];
 0082           ;             PORTC=7;
 0082           ;             PORTA=~A[t][1];
 0082           ;             PORTC=1;
 0082           ;             PORTA=~A[t][2];
 0082           ;             PORTC=2;
 0082           ;             PORTA=~A[t][3];
 0082           ;               delay(500);
 0082           ;          }*/
 0082           ;       /*for(t=0;t<6;t++)
 0082           ;         {
 0082           ;               PORTC=6;
 0082           ;             PORTA=~segment[t];
 0082           ;             PORTC=7;
 0082           ;             PORTA=~segment[t];
 0082           ;             PORTC=1;
 0082           ;             PORTA=~segment[t];
 0082           ;             PORTC=2;
 0082           ;             PORTA=~segment[t];
 0082           ;             delay(1000);
 0082           ;          }*/
 0082           ;       /*for(cnt=0;cnt<=9999;cnt++)
 0082           ;         {
 0082           ;               PORTC=6;
 0082           ;             PORTA=~seg[cnt/1000];
 0082           ;             PORTC=7;
 0082           ;             PORTA=~seg[(cnt%1000)/100];
 0082           ;             PORTC=1;
 0082           ;             PORTA=~seg[(cnt%100)/10];
 0082           ;             PORTC=2;
 0082           ;             PORTA=~seg[cnt%10];
 0082           ;             delay(20);
 0082           ;       }*/
 0082           ;       /*PORTC=6;
 0082           ;         PORTA=~0b01111010;
 0082           ;         PORTC=7;
 0082           ;         PORTA=~0b01111010;
 0082           ;         PORTC=1;
 0082           ;         PORTA=~0b00111110;
 0082           ;         PORTC=2;
 0082           ;         PORTA=~0b01100000;
 0082           ;         delay(100);*/
 0082           ;       /*PORTA=0b00000001;
 0082           ;         delay(1000);
 0082           ;         PORTA=0b00000010;
 0082           ;         delay(1000);
 0082           ;         PORTA=0b00001000;
 0082           ;         delay(1000);*/
 0082           ;         for(t=0;t<255;t++)
 0082 4427              clr R20
 0084 0FC0              xjmp L20
 0086           L17:
 0086                   .dbline 79
 0086           ;         {
 0086                   .dbline 80
 0086           ;               PORTA=0b00000001;
 0086 81E0              ldi R24,1
 0088 8BBB              out 0x1b,R24
 008A                   .dbline 81
 008A           ;               delay(255-t);
 008A 242E              mov R2,R20
 008C 3324              clr R3
 008E 0FEF              ldi R16,255
 0090 10E0              ldi R17,0
 0092 0219              sub R16,R2
 0094 1309              sbc R17,R3
 0096 B4DF              xcall _delay
 0098                   .dbline 82
 0098           ;             PORTA=0b00001000;
 0098 88E0              ldi R24,8
 009A 8BBB              out 0x1b,R24
 009C                   .dbline 83
 009C           ;             delay(t);
 009C 042F              mov R16,R20
 009E 1127              clr R17
 00A0 AFDF              xcall _delay
 00A2                   .dbline 84
 00A2           ;         }
 00A2           L18:
 00A2                   .dbline 78
 00A2 4395              inc R20
 00A4           L20:
 00A4                   .dbline 78
 00A4 4F3F              cpi R20,255
 00A6 78F3              brlo L17
 00A8           X2:
 00A8                   .dbline 85
 00A8           ;         for(t=0;t<255;t++)
 00A8 4427              clr R20
 00AA 0FC0              xjmp L24
 00AC           L21:
 00AC                   .dbline 86
 00AC           ;         {
 00AC                   .dbline 87
 00AC           ;               PORTA=0b00001000;
 00AC 88E0              ldi R24,8
 00AE 8BBB              out 0x1b,R24
 00B0                   .dbline 88
 00B0           ;             delay(255-t);
 00B0 242E              mov R2,R20
 00B2 3324              clr R3
 00B4 0FEF              ldi R16,255
 00B6 10E0              ldi R17,0
 00B8 0219              sub R16,R2
 00BA 1309              sbc R17,R3
 00BC A1DF              xcall _delay
 00BE                   .dbline 89
 00BE           ;             PORTA=0b00000010;
 00BE 82E0              ldi R24,2
 00C0 8BBB              out 0x1b,R24
 00C2                   .dbline 90
 00C2           ;             delay(t);
 00C2 042F              mov R16,R20
 00C4 1127              clr R17
 00C6 9CDF              xcall _delay
 00C8                   .dbline 91
 00C8           ;         }
 00C8           L22:
 00C8                   .dbline 85
 00C8 4395              inc R20
 00CA           L24:
 00CA                   .dbline 85
 00CA 4F3F              cpi R20,255
 00CC 78F3              brlo L21
 00CE           X3:
 00CE                   .dbline 92
 00CE           ;         for(t=0;t<255;t++)
 00CE 4427              clr R20
 00D0 0FC0              xjmp L28
 00D2           L25:
 00D2                   .dbline 93
 00D2           ;         {
 00D2                   .dbline 94
 00D2           ;               PORTA=0b00000010;
 00D2 82E0              ldi R24,2
 00D4 8BBB              out 0x1b,R24
 00D6                   .dbline 95
 00D6           ;             delay(255-t);
 00D6 242E              mov R2,R20
 00D8 3324              clr R3
 00DA 0FEF              ldi R16,255
 00DC 10E0              ldi R17,0
 00DE 0219              sub R16,R2
 00E0 1309              sbc R17,R3
 00E2 8EDF              xcall _delay
 00E4                   .dbline 96
 00E4           ;             PORTA=0b00000001;
 00E4 81E0              ldi R24,1
 00E6 8BBB              out 0x1b,R24
 00E8                   .dbline 97
 00E8           ;             delay(t);
 00E8 042F              mov R16,R20
 00EA 1127              clr R17
 00EC 89DF              xcall _delay
 00EE                   .dbline 98
 00EE           ;         }
 00EE           L26:
 00EE                   .dbline 92
 00EE 4395              inc R20
 00F0           L28:
 00F0                   .dbline 92
 00F0 4F3F              cpi R20,255
 00F2 78F3              brlo L25
 00F4           X4:
 00F4                   .dbline 117
 00F4           ;         /*PORTA=0b00001010;
 00F4           ;         delay(1000);
 00F4           ;         PORTA=0b00001011;
 00F4           ;         delay(1000);*/
 00F4           ;         /*for(t=0;t<255;t++)
 00F4           ;         {
 00F4           ;               PORTA=0;
 00F4           ;             delay(t);
 00F4           ;             PORTA=0b11111111;
 00F4           ;             delay(255-t);
 00F4           ;         }
 00F4           ;         for(;t>0;t--)
 00F4           ;         {
 00F4           ;               PORTA=0;
 00F4           ;             delay(t);
 00F4           ;             PORTA=0b11111111;
 00F4           ;             delay(255-t);
 00F4           ;         }*/
 00F4           ;     }
 00F4           L15:
 00F4                   .dbline 25
 00F4 C6CF              xjmp L14
 00F6           X5:
 00F6                   .dbline -2
 00F6           L10:
 00F6                   .dbline 0 ; func end
 00F6 E096              adiw R28,48
 00F8 0895              ret
 00FA                   .dbsym l cnt 1 I
 00FA                   .dbsym l A 16 A[32:8:4]c
 00FA                   .dbsym l segment 10 A[6:6]c
 00FA                   .dbsym l seg 0 A[10:10]c
 00FA                   .dbsym r t 20 c
 00FA                   .dbend
 00FA           ; }
